2024-10-21 03:15:03,237 - INFO - Початок виконання...
2024-10-21 03:15:03,237 - INFO - Віртуальне середовище вже існує.
2024-10-21 03:15:03,237 - INFO - Активація віртуального середовища...
2024-10-21 03:15:03,237 - INFO - Перевіряємо наявність pip...
2024-10-21 03:15:03,415 - INFO - pip встановлений.
2024-10-21 03:15:03,415 - INFO - Оновлюємо pip до останньої версії...
2024-10-21 03:15:40,402 - INFO - Початок виконання...
2024-10-21 03:15:40,402 - INFO - Віртуальне середовище вже існує.
2024-10-21 03:15:40,402 - INFO - Активація віртуального середовища...
2024-10-21 03:15:40,402 - INFO - Перевіряємо наявність pip...
2024-10-21 03:15:40,564 - INFO - pip встановлений.
2024-10-21 03:15:40,564 - INFO - Оновлюємо pip до останньої версії...
2024-10-21 03:15:49,523 - INFO - Початок виконання...
2024-10-21 03:15:49,523 - INFO - Віртуальне середовище вже існує.
2024-10-21 03:15:49,523 - INFO - Активація віртуального середовища...
2024-10-21 03:15:49,523 - INFO - Перевіряємо наявність pip...
2024-10-21 03:15:49,628 - INFO - pip встановлений.
2024-10-21 03:15:49,628 - INFO - Оновлюємо pip до останньої версії...
2024-10-21 03:21:09,554 - INFO - Початок виконання...
2024-10-21 03:21:09,554 - INFO - Віртуальне середовище вже існує.
2024-10-21 03:21:09,555 - INFO - Активація віртуального середовища...
2024-10-21 03:21:09,555 - INFO - Перевіряємо наявність pip...
2024-10-21 03:21:09,722 - INFO - pip встановлений.
2024-10-21 03:21:09,722 - INFO - Оновлюємо pip до останньої версії...
2024-10-21 03:28:54,587 - INFO - Починаємо виконання скрипта...
2024-10-21 03:28:54,588 - INFO - Папка середовища 'myenv' існує.
2024-10-21 03:28:54,603 - INFO - Використовується Python: python3.11
2024-10-21 03:28:54,604 - INFO - Віртуальне середовище вже існує.
2024-10-21 03:28:54,604 - INFO - Віртуальне середовище активовано.
2024-10-21 03:28:54,604 - INFO - Перевіряємо наявність pip...
2024-10-21 03:28:54,804 - INFO - pip встановлений.
2024-10-21 03:28:54,804 - INFO - Оновлюємо pip до останньої версії...
2024-10-21 03:28:55,263 - INFO - pip успішно оновлено.
2024-10-21 03:28:55,263 - INFO - Перевіряємо наявність Bootstrap залежностей...
2024-10-21 03:28:55,658 - INFO - Bootstrap залежності вже встановлені та оновлені.
2024-10-21 03:28:55,658 - INFO - Перевіряємо: main.py
2024-10-21 03:28:55,659 - INFO - Додаємо файл до списку: main.py
2024-10-21 03:28:55,659 - INFO - Перевіряємо: modules
2024-10-21 03:28:55,659 - ERROR - Файл або папка 'modules' не знайдено.
2024-10-21 03:29:58,884 - INFO - Починаємо виконання скрипта...
2024-10-21 03:29:58,884 - INFO - Папка середовища 'myenv' існує.
2024-10-21 03:29:58,896 - INFO - Використовується Python: python3.11
2024-10-21 03:29:58,896 - INFO - Віртуальне середовище вже існує.
2024-10-21 03:29:58,896 - INFO - Віртуальне середовище активовано.
2024-10-21 03:29:58,896 - INFO - Перевіряємо наявність pip...
2024-10-21 03:29:59,054 - INFO - pip встановлений.
2024-10-21 03:29:59,054 - INFO - Оновлюємо pip до останньої версії...
2024-10-21 03:29:59,448 - INFO - pip успішно оновлено.
2024-10-21 03:29:59,449 - INFO - Перевіряємо наявність Bootstrap залежностей...
2024-10-21 03:29:59,842 - INFO - Bootstrap залежності вже встановлені та оновлені.
2024-10-21 03:29:59,843 - INFO - Перевіряємо: main.py
2024-10-21 03:29:59,843 - INFO - Додаємо файл до списку: main.py
2024-10-21 03:29:59,843 - INFO - Перевіряємо: modules
2024-10-21 03:29:59,843 - INFO - Скануємо папку: modules
2024-10-21 03:29:59,843 - INFO - Додаємо файл до списку: modules/mdb1_database.py
2024-10-21 03:29:59,843 - INFO - Додаємо файл до списку: modules/config_manager.py
2024-10-21 03:29:59,843 - INFO - Додаємо файл до списку: modules/__init__.py
2024-10-21 03:29:59,843 - INFO - Додаємо файл до списку: modules/mt1_telegram.py
2024-10-21 03:29:59,843 - INFO - Додаємо файл до списку: modules/gui.py
2024-10-21 03:29:59,843 - INFO - Знайдено пакети в 'main.py': {'logging', 'qasync', 'sys', 'PyQt6', 'tracemalloc', 'modules', 'asyncio'}
2024-10-21 03:29:59,844 - INFO - Знайдено пакети в 'modules/mdb1_database.py': {'typing', 'logging', 'asyncio', 'aiosqlite'}
2024-10-21 03:29:59,844 - INFO - Знайдено пакети в 'modules/config_manager.py': {'json', 'os', 'typing', 'logging'}
2024-10-21 03:29:59,844 - INFO - Знайдено пакети в 'modules/__init__.py': set()
2024-10-21 03:29:59,844 - INFO - Знайдено пакети в 'modules/mt1_telegram.py': {'typing', 'logging', 'traceback', 'telethon', 'asyncio'}
2024-10-21 03:29:59,845 - INFO - Знайдено пакети в 'modules/gui.py': {'typing', 'logging', 'bs4', 'qasync', 'json', 'datetime', 'sys', 'PyPDF2', 'aiosqlite', 'traceback', 'telethon', 'functools', 'pandas', 'PyQt6', 'os', 'modules', 'asyncio'}
2024-10-21 03:29:59,845 - INFO - Знайдені пакети: {'typing', 'logging', 'qasync', 'json', 'sys', 'telethon', 'PyQt6', 'functools', 'pandas', 'os', 'PyPDF2', 'modules', 'bs4', 'datetime', 'aiosqlite', 'traceback', 'tracemalloc', 'asyncio'}
2024-10-21 03:29:59,845 - INFO - Визначено тип ОС: darwin
2024-10-21 03:29:59,845 - INFO - Використовуються залежності для darwin: {'pyobjc': '8.2.1'}
2024-10-21 03:29:59,845 - INFO - Модуль 'tqdm' не доступний. Використовуємо звичайні логування.
2024-10-21 03:29:59,845 - INFO - Перевіряємо наявність необхідних проектних пакетів...
2024-10-21 03:29:59,982 - INFO - Встановлюємо пакет: pyobjc==8.2.1
2024-10-21 03:30:00,414 - INFO - Не вдалося встановити пакет: pyobjc==8.2.1
2024-10-21 03:30:00,415 - INFO - Оновлюємо пакет: flask==2.2.2
2024-10-21 03:30:00,823 - INFO - Оновлюємо пакет: sqlalchemy==1.4.27
2024-10-21 03:30:04,917 - INFO - Оновлюємо застарілий пакет: Flask
2024-10-21 03:30:05,302 - INFO - Оновлюємо застарілий пакет: SQLAlchemy
2024-10-21 03:30:06,319 - INFO - Запускаємо файл 'main.py'...
2024-10-21 03:41:32,189 - INFO - Configuration output written to config_output.txt
2024-10-21 03:41:32,190 - INFO - Скрипт виконано успішно.
2024-10-21 05:02:48,714 - INFO - Починаємо виконання скрипта...
2024-10-21 05:02:48,714 - INFO - Папка середовища 'myenv' існує.
2024-10-21 05:02:48,730 - INFO - Використовується Python: python3.11
2024-10-21 05:02:48,730 - INFO - Віртуальне середовище вже існує.
2024-10-21 05:02:48,730 - INFO - Віртуальне середовище активовано.
2024-10-21 05:02:48,730 - INFO - Перевіряємо наявність pip...
2024-10-21 05:02:48,990 - INFO - pip встановлений.
2024-10-21 05:02:48,990 - INFO - Оновлюємо pip до останньої версії...
2024-10-21 05:02:49,449 - INFO - Перевіряємо наявність Bootstrap залежностей...
2024-10-21 05:02:49,835 - INFO - Bootstrap залежності вже встановлені та оновлені.
2024-10-21 05:02:49,836 - INFO - Перевіряємо: main.py
2024-10-21 05:02:49,836 - INFO - Додаємо файл до списку: main.py
2024-10-21 05:02:49,836 - INFO - Перевіряємо: modules
2024-10-21 05:02:49,836 - INFO - Скануємо папку: modules
2024-10-21 05:02:49,836 - INFO - Додаємо файл до списку: modules/mdb1_database.py
2024-10-21 05:02:49,836 - INFO - Додаємо файл до списку: modules/config_manager.py
2024-10-21 05:02:49,836 - INFO - Додаємо файл до списку: modules/__init__.py
2024-10-21 05:02:49,836 - INFO - Додаємо файл до списку: modules/mt1_telegram.py
2024-10-21 05:02:49,836 - INFO - Додаємо файл до списку: modules/gui.py
2024-10-21 05:02:49,837 - INFO - Знайдено пакети в 'main.py': {'PyQt6', 'tracemalloc', 'logging', 'qasync', 'asyncio', 'sys', 'modules'}
2024-10-21 05:02:49,837 - INFO - Знайдено пакети в 'modules/mdb1_database.py': {'typing', 'asyncio', 'aiosqlite', 'logging'}
2024-10-21 05:02:49,837 - INFO - Знайдено пакети в 'modules/config_manager.py': {'os', 'json', 'logging', 'typing'}
2024-10-21 05:02:49,837 - INFO - Знайдено пакети в 'modules/__init__.py': set()
2024-10-21 05:02:49,838 - INFO - Знайдено пакети в 'modules/mt1_telegram.py': {'logging', 'asyncio', 'telethon', 'typing', 'traceback'}
2024-10-21 05:02:49,839 - INFO - Знайдено пакети в 'modules/gui.py': {'os', 'aiosqlite', 'PyQt6', 'logging', 'qasync', 'asyncio', 'json', 'functools', 'sys', 'PyPDF2', 'telethon', 'typing', 'traceback', 'modules', 'datetime', 'bs4', 'pandas'}
2024-10-21 05:02:49,839 - INFO - Знайдені пакети: {'os', 'aiosqlite', 'PyQt6', 'tracemalloc', 'json', 'functools', 'sys', 'traceback', 'datetime', 'pandas', 'bs4', 'logging', 'qasync', 'asyncio', 'telethon', 'PyPDF2', 'typing', 'modules'}
2024-10-21 05:02:49,839 - INFO - Визначено тип ОС: darwin
2024-10-21 05:02:49,839 - INFO - Використовуються залежності для darwin: {'pyobjc': '8.2.1'}
2024-10-21 05:02:49,839 - INFO - Модуль 'tqdm' не доступний. Використовуємо звичайні логування.
2024-10-21 05:02:49,839 - INFO - Перевіряємо наявність необхідних проектних пакетів...
2024-10-21 05:02:49,973 - INFO - Встановлюємо пакет: pyobjc==8.2.1
2024-10-21 05:02:50,400 - INFO - Не вдалося встановити пакет: pyobjc==8.2.1
2024-10-21 05:02:50,400 - INFO - Оновлюємо пакет: flask==2.2.2
2024-10-21 05:02:50,792 - INFO - Оновлюємо пакет: sqlalchemy==1.4.27
2024-10-21 05:02:54,771 - INFO - Оновлюємо застарілий пакет: Flask
2024-10-21 05:02:55,168 - INFO - Оновлюємо застарілий пакет: SQLAlchemy
2024-10-21 05:02:56,189 - INFO - Запускаємо файл 'main.py'...
2024-10-21 05:05:48,773 - INFO - Configuration output written to config_output.txt
2024-10-21 05:05:48,774 - INFO - Скрипт виконано успішно.
