2024-10-26 23:29:34,846 - INFO - Конфігурація збережена у config_output.txt
2024-10-26 23:29:34,846 - INFO - Віртуальне середовище вже існує.
2024-10-26 23:29:34,846 - INFO - Відлік до інсталяції початкових залежностей: 5 секунд
2024-10-26 23:29:39,847 - INFO - ІНСТАЛЮЄМО ПОЧАТКОВІ ЗАЛЕЖНОСТІ:
2024-10-26 23:29:40,365 - INFO - Початкові залежності успішно встановлені.
2024-10-26 23:29:40,365 - INFO - pipreqs встановлено успішно.
2024-10-26 23:29:40,365 - INFO - Генеруємо requirements.txt за допомогою pipreqs.
2024-10-26 23:37:58,131 - INFO - Конфігурація збережена у config_output.txt
2024-10-26 23:37:58,131 - INFO - Віртуальне середовище вже існує.
2024-10-26 23:37:58,131 - INFO - Відлік до інсталяції початкових залежностей: 5 секунд
2024-10-26 23:38:03,135 - INFO - ІНСТАЛЮЄМО ПОЧАТКОВІ ЗАЛЕЖНОСТІ:
2024-10-26 23:38:03,694 - INFO - Початкові залежності успішно встановлені.
2024-10-26 23:38:03,695 - INFO - pipreqs встановлено успішно.
2024-10-26 23:38:03,695 - INFO - Генеруємо requirements.txt за допомогою pipreqs.
2024-10-26 23:38:04,994 - ERROR - Помилка при генерації requirements.txt: Command '['venv/bin/pipreqs', '--force', '--ignore', 'venv']' returned non-zero exit status 1.
2024-10-26 23:39:27,377 - INFO - Конфігурація збережена у config_output.txt
2024-10-26 23:39:27,377 - INFO - Створення віртуального середовища в venv
2024-10-26 23:39:27,377 - INFO - Шукаємо Python версії 3.12 у системі.
2024-10-26 23:39:27,377 - INFO - Знайдено Python: /opt/homebrew/bin/python3.12
2024-10-26 23:39:28,936 - INFO - Віртуальне середовище створено.
2024-10-26 23:39:28,936 - INFO - Відлік до інсталяції початкових залежностей: 5 секунд
2024-10-26 23:39:33,941 - INFO - ІНСТАЛЮЄМО ПОЧАТКОВІ ЗАЛЕЖНОСТІ:
2024-10-26 23:39:35,378 - INFO - Початкові залежності успішно встановлені.
2024-10-26 23:39:35,378 - INFO - pipreqs встановлено успішно.
2024-10-26 23:39:35,378 - INFO - Генеруємо requirements.txt за допомогою pipreqs.
2024-10-26 23:39:37,100 - ERROR - Помилка при генерації requirements.txt: Command '['venv/bin/pipreqs', '--force', '--ignore', 'venv']' returned non-zero exit status 1.
2024-10-26 23:40:41,001 - INFO - Конфігурація збережена у config_output.txt
2024-10-26 23:40:41,001 - INFO - Віртуальне середовище вже існує.
2024-10-26 23:40:41,001 - INFO - Відлік до інсталяції початкових залежностей: 5 секунд
2024-10-26 23:40:46,007 - INFO - ІНСТАЛЮЄМО ПОЧАТКОВІ ЗАЛЕЖНОСТІ:
2024-10-26 23:40:46,522 - INFO - Початкові залежності успішно встановлені.
2024-10-26 23:40:46,522 - INFO - pipreqs встановлено успішно.
2024-10-26 23:40:46,523 - INFO - Генеруємо requirements.txt за допомогою pipreqs.
2024-10-26 23:40:47,860 - ERROR - Помилка при генерації requirements.txt: Command '['venv/bin/pipreqs', '--force', '--ignore', 'venv']' returned non-zero exit status 1.
2024-10-27 00:03:34,347 - INFO - Конфігурація збережена у config_output.txt
2024-10-27 00:03:34,347 - INFO - Віртуальне середовище вже існує.
2024-10-27 00:03:34,347 - INFO - Відлік до інсталяції початкових залежностей: 5 секунд
2024-10-27 00:03:39,352 - INFO - ІНСТАЛЮЄМО ПОЧАТКОВІ ЗАЛЕЖНОСТІ:
2024-10-27 00:03:40,001 - INFO - Початкові залежності успішно встановлені.
2024-10-27 00:03:40,002 - INFO - pipreqs встановлено успішно.
2024-10-27 00:03:40,002 - INFO - Генеруємо requirements.txt за допомогою pipreqs.
2024-10-27 00:03:41,327 - ERROR - Помилка при генерації requirements.txt: Command '['venv/bin/pipreqs', '--force', '--ignore', 'venv']' returned non-zero exit status 1.
2024-10-27 00:36:44,370 - INFO - Конфігурація збережена у config_output.txt
2024-10-27 00:36:44,370 - INFO - Віртуальне середовище вже існує.
2024-10-27 00:36:44,370 - INFO - Відлік до інсталяції початкових залежностей: 5 секунд
2024-10-27 00:36:49,376 - INFO - ІНСТАЛЮЄМО ПОЧАТКОВІ ЗАЛЕЖНОСТІ:
2024-10-27 00:36:49,916 - INFO - Початкові залежності успішно встановлені.
2024-10-27 00:36:49,916 - INFO - pipreqs встановлено успішно.
2024-10-27 00:36:49,916 - INFO - Генеруємо requirements.txt за допомогою pipreqs.
2024-10-27 00:36:51,260 - ERROR - Помилка при генерації requirements.txt: Command '['venv/bin/pipreqs', '--force', '--ignore', 'venv']' returned non-zero exit status 1.
